2024-04-10T15:07:42+0200 - INFO - Point of Interest: Frederikshavn, Coordinates: 10.521006,57.442711,0
2024-04-10T15:07:42+0200 - INFO - Point of Interest: Grøtfjorden, Coordinates: 18.5398493,69.7774907,0
2024-04-10T15:07:42+0200 - INFO - Line: Frederikshavn-Grøtfjorden, Coordinates: 10.7081391,57.7728526,0
            10.3565766,58.3770416,0
            6.9288422,57.5377411,0
            4.7315766,57.8196923,0
            3.2374359,59.9094107,0
            5.5225922,60.7790947,0
            3.4132172,61.8753985,0
            5.2589203,62.7331706,0
            6.9288422,62.4092828,0
            9.5655609,64.6413667,0
            11.2354828,65.7474005,0
            14.6632172,67.9569762,0
            11.4991547,67.6247659,0
            14.8389984,69.239472,0
            18.5398493,69.7774907,0
2024-04-10T15:07:42+0200 - INFO - Point of Interest: Isla de Barents, Coordinates: 21.312376,78.3796811,0
2024-04-10T15:07:42+0200 - INFO - Line: Grøtfjorden-Isla de Barents, Coordinates: 18.7595125,69.9864305,0
            19.8142,74.4932068,0
            20.2536532,77.5395083,0
            20.6931063,78.4706047,0
2024-04-10T15:07:42+0200 - INFO - Point of Interest: Løkta, Coordinates: 12.6934597,66.1640791,0
2024-04-10T15:07:42+0200 - INFO - Point of Interest: Isla de Clavering, Coordinates: -21.1421547,74.2345363,0
2024-04-10T15:07:42+0200 - INFO - Line: Løkta-Isla de Clavering, Coordinates: 12.6934597,66.1640791,0
            -21.1421547,74.2345363,0
2024-04-10T15:07:42+0200 - INFO - Point of Interest: Reikiavik, Coordinates: -21.9407552,64.1469868,0
2024-04-10T15:07:42+0200 - INFO - Line: Isla de Clavering-Reikiavik, Coordinates: -21.1421547,74.2345363,0
            -25.0417521,65.3420361,0
            -21.9407552,64.1469868,0
2024-04-10T15:07:42+0200 - INFO - Point of Interest: Ushuaia, Coordinates: -68.3029511,-54.8019121,0
2024-04-10T15:07:42+0200 - INFO - Line: Reikiavik-Ushuaia, Coordinates: -21.9407552,64.1469868,0
            -36.8439186,32.4170703,0
            -27.0001686,13.7740709,0
            -30.1642311,-10.2932964,0
            -48.4454811,-33.8521658,0
            -63.5626686,-51.2756595,0
            -65.2939483,-55.2009692,0
            -66.9638702,-55.1005244,0
            -67.5571319,-54.8483048,0
            -68.3029511,-54.8019121,0
2024-04-10T15:07:42+0200 - INFO - Point of Interest: Canguaretama, Coordinates: -35.1306466,-6.3791727,0
2024-04-10T15:07:42+0200 - INFO - Line: Ushuaia-Canguaretama, Coordinates: -68.3029511,-54.8019121,0
            -67.5571319,-54.8483048,0
            -66.994855,-54.9584524,0
            -66.4125796,-55.1221265,0
            -64.6922488,-54.9507677,0
            -67.68053,-52.801058,0
            -66.4500613,-50.0341639,0
            -39.401452,-22.8788736,0
            -32.0186395,-6.6225024,0
2024-04-10T15:07:42+0200 - INFO - Point of Interest: Isla Millerand, Coordinates: -67.216667,-68.15,0
2024-04-10T15:07:42+0200 - INFO - Line: Ushuaia-Isla Millerand, Coordinates: -68.3029511,-54.8019121,0
            -67.7376973,-54.9025236,0
            -67.3141126,-54.9182946,0
            -67.1108655,-54.9624706,0
            -66.6219739,-55.0978508,0
            -66.8197279,-55.3984473,0
            -72.2689466,-64.0486456,0
            -70.8626966,-68.1678731,0
            -67.2672185,-68.1209538,0
2024-04-10T15:07:42+0200 - INFO - Point of Interest: Base McMurdo, Coordinates: 166.6697692,-77.8455159,0
2024-04-10T15:07:42+0200 - INFO - Line: Isla Millerand-Base McMurdo, Coordinates: -67.216667,-68.15,0
            -88.9494174,-69.6731954,0
            -121.2931674,-71.5395934,0
            -143.0900424,-73.4416399,0
            -161.7228549,-76.5276231,0
            -168.4025424,-77.9986915,0
            172.6130826,-76.4454724,0
            166.4872352,-77.1403014,0
            165.7666268,-77.5481674,0
            166.4862313,-77.8338912,0
            166.6324489,-77.8504676,0
            166.6537349,-77.8464205,0
2024-04-10T15:07:42+0200 - INFO - Point of Interest: Dunedin, Coordinates: 170.5005957,-45.8795455,0
2024-04-10T15:07:42+0200 - INFO - Line: Base McMurdo-Dunedin, Coordinates: 166.6697692,-77.8455159,0
            164.9177742,-75.9462274,0
            171.070118,-73.695002,0
            172.8279305,-71.821121,0
            165.2693367,-50.665115,0
            172.1248055,-45.9950355,0
            170.7586312,-45.7487526,0
            170.5005957,-45.8795455,0
2024-04-10T15:07:42+0200 - INFO - Point of Interest: Qaanaaq, Coordinates: -69.2284828,77.4670434,0
2024-04-10T15:07:42+0200 - INFO - Line: Reikiavik-Qaanaaq, Coordinates: -21.9407552,64.1469868,0
            -41.6331308,60.1510007,0
            -48.4885995,59.4436027,0
            -50.0227658,60.5340654,0
            -51.4768808,61.5213139,0
            -57.4534433,67.9405623,0
            -56.2229745,71.130051,0
            -73.449537,76.2680071,0
            -72.9221933,77.692253,0
            -69.2284828,77.4670434,0
