2024-04-10T13:26:03+0200 - INFO - Point of Interest: Frederikshavn, Coordinates: 10.521006,57.442711,0
2024-04-10T13:26:03+0200 - INFO - Point of Interest: Grøtfjorden, Coordinates: 18.5398493,69.7774907,0
2024-04-10T13:26:03+0200 - INFO - Point of Interest: Isla de Barents, Coordinates: 21.312376,78.3796811,0
2024-04-10T13:26:03+0200 - INFO - Point of Interest: Løkta, Coordinates: 12.6934597,66.1640791,0
2024-04-10T13:26:03+0200 - INFO - Point of Interest: Isla de Clavering, Coordinates: -21.1421547,74.2345363,0
2024-04-10T13:26:03+0200 - INFO - Point of Interest: Reikiavik, Coordinates: -21.9407552,64.1469868,0
2024-04-10T13:26:04+0200 - INFO - Point of Interest: Ushuaia, Coordinates: -68.3029511,-54.8019121,0
2024-04-10T13:26:04+0200 - INFO - Point of Interest: Canguaretama, Coordinates: -35.1306466,-6.3791727,0
2024-04-10T13:26:04+0200 - INFO - Point of Interest: Isla Millerand, Coordinates: -67.216667,-68.15,0
2024-04-10T13:26:04+0200 - INFO - Point of Interest: Base McMurdo, Coordinates: 166.6697692,-77.8455159,0
2024-04-10T13:26:04+0200 - INFO - Point of Interest: Dunedin, Coordinates: 170.5005957,-45.8795455,0
2024-04-10T13:26:04+0200 - INFO - Point of Interest: Qaanaaq, Coordinates: -69.2284828,77.4670434,0
2024-04-10T13:27:13+0200 - INFO - Point of Interest: Frederikshavn, Coordinates: 10.521006,57.442711,0
2024-04-10T13:27:13+0200 - INFO - Point of Interest: Grøtfjorden, Coordinates: 18.5398493,69.7774907,0
2024-04-10T13:27:13+0200 - INFO - Point of Interest: Isla de Barents, Coordinates: 21.312376,78.3796811,0
2024-04-10T13:27:13+0200 - INFO - Point of Interest: Løkta, Coordinates: 12.6934597,66.1640791,0
2024-04-10T13:27:13+0200 - INFO - Point of Interest: Isla de Clavering, Coordinates: -21.1421547,74.2345363,0
2024-04-10T13:27:13+0200 - INFO - Point of Interest: Reikiavik, Coordinates: -21.9407552,64.1469868,0
2024-04-10T13:27:13+0200 - INFO - Point of Interest: Ushuaia, Coordinates: -68.3029511,-54.8019121,0
2024-04-10T13:27:13+0200 - INFO - Point of Interest: Canguaretama, Coordinates: -35.1306466,-6.3791727,0
2024-04-10T13:27:13+0200 - INFO - Point of Interest: Isla Millerand, Coordinates: -67.216667,-68.15,0
2024-04-10T13:27:13+0200 - INFO - Point of Interest: Base McMurdo, Coordinates: 166.6697692,-77.8455159,0
2024-04-10T13:27:13+0200 - INFO - Point of Interest: Dunedin, Coordinates: 170.5005957,-45.8795455,0
2024-04-10T13:27:13+0200 - INFO - Point of Interest: Qaanaaq, Coordinates: -69.2284828,77.4670434,0
